<?xml version="1.0" encoding="UTF-8"?>
<testsuite name="com.kodilla.testing.collection.CollectionTestSuite" tests="2" skipped="0" failures="0" errors="0" timestamp="2018-08-16T10:36:08" hostname="LAPTOP-I2GOCPBG" time="0.009">
  <properties/>
  <testcase name="testOddNumbersExterminatorEmptyList" classname="com.kodilla.testing.collection.CollectionTestSuite" time="0.008"/>
  <testcase name="testOddNumbersExterminatorNormalList" classname="com.kodilla.testing.collection.CollectionTestSuite" time="0.0"/>
  <system-out><![CDATA[Test Case: begin
[]
Test Case: end
Test Case: begin
[62, 98, 22, 98, 0]
Test Case: end
]]></system-out>
  <system-err><![CDATA[]]></system-err>
</testsuite>
